{"D:\\code\\stencil-testing\\stencil-testing\\src\\components\\app-home\\app-home.tsx": {"path":"D:\\code\\stencil-testing\\stencil-testing\\src\\components\\app-home\\app-home.tsx","statementMap":{"0":{"start":{"line":1,"column":0},"end":{"line":1,"column":43}},"1":{"start":{"line":2,"column":0},"end":{"line":2,"column":52}},"2":{"start":{"line":11,"column":4},"end":{"line":22,"column":6}},"3":{"start":{"line":19,"column":29},"end":{"line":19,"column":59}},"4":{"start":{"line":4,"column":0},"end":{"line":4,"column":null}}},"fnMap":{"0":{"name":"(anonymous_1)","decl":{"start":{"line":10,"column":2},"end":{"line":10,"column":8}},"loc":{"start":{"line":10,"column":8},"end":{"line":23,"column":3}}},"1":{"name":"(anonymous_2)","decl":{"start":{"line":19,"column":25},"end":{"line":19,"column":27}},"loc":{"start":{"line":19,"column":29},"end":{"line":19,"column":59}}}},"branchMap":{},"s":{"0":0,"1":0,"2":0,"3":0,"4":0},"f":{"0":0,"1":0},"b":{}}
,"D:\\code\\stencil-testing\\stencil-testing\\src\\components\\app-root\\app-root.tsx": {"path":"D:\\code\\stencil-testing\\stencil-testing\\src\\components\\app-root\\app-root.tsx","statementMap":{"0":{"start":{"line":1,"column":0},"end":{"line":1,"column":45}},"1":{"start":{"line":10,"column":4},"end":{"line":20,"column":6}},"2":{"start":{"line":3,"column":0},"end":{"line":3,"column":null}}},"fnMap":{"0":{"name":"(anonymous_1)","decl":{"start":{"line":9,"column":2},"end":{"line":9,"column":8}},"loc":{"start":{"line":9,"column":8},"end":{"line":21,"column":3}}}},"branchMap":{},"s":{"0":0,"1":0,"2":0},"f":{"0":0},"b":{}}
}
